This file contains any messages produced by compilers while
running configure, to aid debugging if configure makes a mistake.

It was created by configure, which was
generated by GNU Autoconf 2.59.  Invocation command line was

  $ ./configure 

## --------- ##
## Platform. ##
## --------- ##

hostname = hempoo
uname -m = x86_64
uname -r = 2.6.38-gentoo-r1
uname -s = Linux
uname -v = #2 SMP Fri Apr 29 12:40:04 CEST 2011

/usr/bin/uname -p = Intel(R) Core(TM)2 Duo CPU T9300 @ 2.50GHz
/bin/uname -X     = unknown

/bin/arch              = unknown
/usr/bin/arch -k       = unknown
/usr/convex/getsysinfo = unknown
hostinfo               = unknown
/bin/machine           = unknown
/usr/bin/oslevel       = unknown
/bin/universe          = unknown

PATH: /sbin
PATH: /bin
PATH: /usr/sbin
PATH: /usr/bin


## ----------- ##
## Core tests. ##
## ----------- ##

configure:1377: checking build system type
configure:1395: result: x86_64-unknown-linux-gnu
configure:1403: checking host system type
configure:1417: result: x86_64-unknown-linux-gnu
configure:1425: checking target system type
configure:1439: result: x86_64-unknown-linux-gnu
configure:1499: checking for gcc
configure:1525: result: gcc-4.1.2
configure:1769: checking for C compiler version
configure:1772: gcc-4.1.2 --version </dev/null >&5
gcc-4.1.2 (GCC) 4.1.2 (Gentoo 4.1.2 p1.3)
Copyright (C) 2006 Free Software Foundation, Inc.
This is free software; see the source for copying conditions.  There is NO
warranty; not even for MERCHANTABILITY or FITNESS FOR A PARTICULAR PURPOSE.

configure:1775: $? = 0
configure:1777: gcc-4.1.2 -v </dev/null >&5
Using built-in specs.
Target: x86_64-pc-linux-gnu
Configured with: /var/tmp/portage/sys-devel/gcc-4.1.2/work/gcc-4.1.2/configure --prefix=/usr --bindir=/usr/x86_64-pc-linux-gnu/gcc-bin/4.1.2 --includedir=/usr/lib/gcc/x86_64-pc-linux-gnu/4.1.2/include --datadir=/usr/share/gcc-data/x86_64-pc-linux-gnu/4.1.2 --mandir=/usr/share/gcc-data/x86_64-pc-linux-gnu/4.1.2/man --infodir=/usr/share/gcc-data/x86_64-pc-linux-gnu/4.1.2/info --with-gxx-include-dir=/usr/lib/gcc/x86_64-pc-linux-gnu/4.1.2/include/g++-v4 --host=x86_64-pc-linux-gnu --build=x86_64-pc-linux-gnu --disable-altivec --enable-nls --without-included-gettext --with-system-zlib --disable-werror --enable-secureplt --enable-multilib --enable-libmudflap --disable-libssp --enable-checking=release --disable-libgcj --enable-languages=c,c++,objc,treelang,fortran --enable-shared --enable-threads=posix --enable-__cxa_atexit --enable-clocale=gnu
Thread model: posix
gcc version 4.1.2 (Gentoo 4.1.2 p1.3)
configure:1780: $? = 0
configure:1782: gcc-4.1.2 -V </dev/null >&5
gcc-4.1.2: '-V' option must have argument
configure:1785: $? = 1
configure:1808: checking for C compiler default output file name
configure:1811: gcc-4.1.2 -m32 -pipe -I. -Wall -I/usr/local/include -I/usr/include  -m32 --verbose -L/usr/local/lib -L/usr/lib conftest.c  >&5
Using built-in specs.
Target: x86_64-pc-linux-gnu
Configured with: /var/tmp/portage/sys-devel/gcc-4.1.2/work/gcc-4.1.2/configure --prefix=/usr --bindir=/usr/x86_64-pc-linux-gnu/gcc-bin/4.1.2 --includedir=/usr/lib/gcc/x86_64-pc-linux-gnu/4.1.2/include --datadir=/usr/share/gcc-data/x86_64-pc-linux-gnu/4.1.2 --mandir=/usr/share/gcc-data/x86_64-pc-linux-gnu/4.1.2/man --infodir=/usr/share/gcc-data/x86_64-pc-linux-gnu/4.1.2/info --with-gxx-include-dir=/usr/lib/gcc/x86_64-pc-linux-gnu/4.1.2/include/g++-v4 --host=x86_64-pc-linux-gnu --build=x86_64-pc-linux-gnu --disable-altivec --enable-nls --without-included-gettext --with-system-zlib --disable-werror --enable-secureplt --enable-multilib --enable-libmudflap --disable-libssp --enable-checking=release --disable-libgcj --enable-languages=c,c++,objc,treelang,fortran --enable-shared --enable-threads=posix --enable-__cxa_atexit --enable-clocale=gnu
Thread model: posix
gcc version 4.1.2 (Gentoo 4.1.2 p1.3)
 /usr/libexec/gcc/x86_64-pc-linux-gnu/4.1.2/cc1 -quiet -v -I. -I/usr/local/include -I/usr/include conftest.c -quiet -dumpbase conftest.c -m32 -m32 -mtune=k8 -auxbase conftest -Wall -version -o - |
 /usr/lib/gcc/x86_64-pc-linux-gnu/4.1.2/../../../../x86_64-pc-linux-gnu/bin/as -V -Qy --32 -o /tmp/ccdXESmm.o -
ignoring nonexistent directory "/usr/local/include"
ignoring nonexistent directory "/usr/lib/gcc/x86_64-pc-linux-gnu/4.1.2/../../../../x86_64-pc-linux-gnu/include"
ignoring nonexistent directory "/usr/local/include"
ignoring duplicate directory "/usr/include"
  as it is a non-system directory that duplicates a system directory
#include "..." search starts here:
#include <...> search starts here:
 .
 /usr/lib/gcc/x86_64-pc-linux-gnu/4.1.2/include
 /usr/include
End of search list.
GNU C version 4.1.2 (Gentoo 4.1.2 p1.3) (x86_64-pc-linux-gnu)
	compiled by GNU C version 4.1.2 (Gentoo 4.1.2 p1.3).
GGC heuristics: --param ggc-min-expand=100 --param ggc-min-heapsize=131072
GNU assembler version 2.21 (x86_64-pc-linux-gnu) using BFD version (GNU Binutils) 2.21
Compiler executable checksum: 89e88dfdf2891bc7789acb1f4b6fbd12
 /usr/libexec/gcc/x86_64-pc-linux-gnu/4.1.2/collect2 --eh-frame-hdr -m elf_i386 -dynamic-linker /lib/ld-linux.so.2 /usr/lib/gcc/x86_64-pc-linux-gnu/4.1.2/../../../../lib32/crt1.o /usr/lib/gcc/x86_64-pc-linux-gnu/4.1.2/../../../../lib32/crti.o /usr/lib/gcc/x86_64-pc-linux-gnu/4.1.2/32/crtbegin.o -L/usr/local/lib -L/usr/lib -L/usr/lib/gcc/x86_64-pc-linux-gnu/4.1.2/32 -L/usr/lib/gcc/x86_64-pc-linux-gnu/4.1.2/32 -L/usr/lib/gcc/x86_64-pc-linux-gnu/4.1.2/../../../../lib32 -L/lib/../lib32 -L/usr/lib/../lib32 -L/usr/lib/gcc/x86_64-pc-linux-gnu/4.1.2 -L/usr/lib/gcc/x86_64-pc-linux-gnu/4.1.2 -L/usr/lib/gcc/x86_64-pc-linux-gnu/4.1.2/../../../../x86_64-pc-linux-gnu/lib -L/usr/lib/gcc/x86_64-pc-linux-gnu/4.1.2/../../.. /tmp/ccdXESmm.o -lgcc --as-needed -lgcc_s --no-as-needed -lc -lgcc --as-needed -lgcc_s --no-as-needed /usr/lib/gcc/x86_64-pc-linux-gnu/4.1.2/32/crtend.o /usr/lib/gcc/x86_64-pc-linux-gnu/4.1.2/../../../../lib32/crtn.o
/usr/lib/gcc/x86_64-pc-linux-gnu/4.1.2/../../../../x86_64-pc-linux-gnu/bin/ld: skipping incompatible /usr/lib/libc.so when searching for -lc
/usr/lib/gcc/x86_64-pc-linux-gnu/4.1.2/../../../../x86_64-pc-linux-gnu/bin/ld: skipping incompatible /usr/lib/libc.a when searching for -lc
configure:1814: $? = 0
configure:1860: result: a.out
configure:1865: checking whether the C compiler works
configure:1871: ./a.out
configure:1874: $? = 0
configure:1891: result: yes
configure:1898: checking whether we are cross compiling
configure:1900: result: no
configure:1903: checking for suffix of executables
configure:1905: gcc-4.1.2 -o conftest -m32 -pipe -I. -Wall -I/usr/local/include -I/usr/include  -m32 --verbose -L/usr/local/lib -L/usr/lib conftest.c  >&5
Using built-in specs.
Target: x86_64-pc-linux-gnu
Configured with: /var/tmp/portage/sys-devel/gcc-4.1.2/work/gcc-4.1.2/configure --prefix=/usr --bindir=/usr/x86_64-pc-linux-gnu/gcc-bin/4.1.2 --includedir=/usr/lib/gcc/x86_64-pc-linux-gnu/4.1.2/include --datadir=/usr/share/gcc-data/x86_64-pc-linux-gnu/4.1.2 --mandir=/usr/share/gcc-data/x86_64-pc-linux-gnu/4.1.2/man --infodir=/usr/share/gcc-data/x86_64-pc-linux-gnu/4.1.2/info --with-gxx-include-dir=/usr/lib/gcc/x86_64-pc-linux-gnu/4.1.2/include/g++-v4 --host=x86_64-pc-linux-gnu --build=x86_64-pc-linux-gnu --disable-altivec --enable-nls --without-included-gettext --with-system-zlib --disable-werror --enable-secureplt --enable-multilib --enable-libmudflap --disable-libssp --enable-checking=release --disable-libgcj --enable-languages=c,c++,objc,treelang,fortran --enable-shared --enable-threads=posix --enable-__cxa_atexit --enable-clocale=gnu
Thread model: posix
gcc version 4.1.2 (Gentoo 4.1.2 p1.3)
 /usr/libexec/gcc/x86_64-pc-linux-gnu/4.1.2/cc1 -quiet -v -I. -I/usr/local/include -I/usr/include conftest.c -quiet -dumpbase conftest.c -m32 -m32 -mtune=k8 -auxbase conftest -Wall -version -o - |
 /usr/lib/gcc/x86_64-pc-linux-gnu/4.1.2/../../../../x86_64-pc-linux-gnu/bin/as -V -Qy --32 -o /tmp/ccLF9igp.o -
ignoring nonexistent directory "/usr/local/include"
ignoring nonexistent directory "/usr/lib/gcc/x86_64-pc-linux-gnu/4.1.2/../../../../x86_64-pc-linux-gnu/include"
ignoring nonexistent directory "/usr/local/include"
ignoring duplicate directory "/usr/include"
  as it is a non-system directory that duplicates a system directory
#include "..." search starts here:
#include <...> search starts here:
 .
 /usr/lib/gcc/x86_64-pc-linux-gnu/4.1.2/include
 /usr/include
End of search list.
GNU C version 4.1.2 (Gentoo 4.1.2 p1.3) (x86_64-pc-linux-gnu)
	compiled by GNU C version 4.1.2 (Gentoo 4.1.2 p1.3).
GGC heuristics: --param ggc-min-expand=100 --param ggc-min-heapsize=131072
GNU assembler version 2.21 (x86_64-pc-linux-gnu) using BFD version (GNU Binutils) 2.21
Compiler executable checksum: 89e88dfdf2891bc7789acb1f4b6fbd12
 /usr/libexec/gcc/x86_64-pc-linux-gnu/4.1.2/collect2 --eh-frame-hdr -m elf_i386 -dynamic-linker /lib/ld-linux.so.2 -o conftest /usr/lib/gcc/x86_64-pc-linux-gnu/4.1.2/../../../../lib32/crt1.o /usr/lib/gcc/x86_64-pc-linux-gnu/4.1.2/../../../../lib32/crti.o /usr/lib/gcc/x86_64-pc-linux-gnu/4.1.2/32/crtbegin.o -L/usr/local/lib -L/usr/lib -L/usr/lib/gcc/x86_64-pc-linux-gnu/4.1.2/32 -L/usr/lib/gcc/x86_64-pc-linux-gnu/4.1.2/32 -L/usr/lib/gcc/x86_64-pc-linux-gnu/4.1.2/../../../../lib32 -L/lib/../lib32 -L/usr/lib/../lib32 -L/usr/lib/gcc/x86_64-pc-linux-gnu/4.1.2 -L/usr/lib/gcc/x86_64-pc-linux-gnu/4.1.2 -L/usr/lib/gcc/x86_64-pc-linux-gnu/4.1.2/../../../../x86_64-pc-linux-gnu/lib -L/usr/lib/gcc/x86_64-pc-linux-gnu/4.1.2/../../.. /tmp/ccLF9igp.o -lgcc --as-needed -lgcc_s --no-as-needed -lc -lgcc --as-needed -lgcc_s --no-as-needed /usr/lib/gcc/x86_64-pc-linux-gnu/4.1.2/32/crtend.o /usr/lib/gcc/x86_64-pc-linux-gnu/4.1.2/../../../../lib32/crtn.o
/usr/lib/gcc/x86_64-pc-linux-gnu/4.1.2/../../../../x86_64-pc-linux-gnu/bin/ld: skipping incompatible /usr/lib/libc.so when searching for -lc
/usr/lib/gcc/x86_64-pc-linux-gnu/4.1.2/../../../../x86_64-pc-linux-gnu/bin/ld: skipping incompatible /usr/lib/libc.a when searching for -lc
configure:1908: $? = 0
configure:1933: result: 
configure:1939: checking for suffix of object files
configure:1960: gcc-4.1.2 -c -m32 -pipe -I. -Wall -I/usr/local/include -I/usr/include  conftest.c >&5
configure:1963: $? = 0
configure:1985: result: o
configure:1989: checking whether we are using the GNU C compiler
configure:2013: gcc-4.1.2 -c -m32 -pipe -I. -Wall -I/usr/local/include -I/usr/include  conftest.c >&5
configure:2019: $? = 0
configure:2022: test -z 			 || test ! -s conftest.err
configure:2025: $? = 0
configure:2028: test -s conftest.o
configure:2031: $? = 0
configure:2044: result: yes
configure:2050: checking whether gcc-4.1.2 accepts -g
configure:2071: gcc-4.1.2 -c -g  conftest.c >&5
configure:2077: $? = 0
configure:2080: test -z 			 || test ! -s conftest.err
configure:2083: $? = 0
configure:2086: test -s conftest.o
configure:2089: $? = 0
configure:2100: result: yes
configure:2117: checking for gcc-4.1.2 option to accept ANSI C
configure:2187: gcc-4.1.2  -c -m32 -pipe -I. -Wall -I/usr/local/include -I/usr/include  conftest.c >&5
configure:2193: $? = 0
configure:2196: test -z 			 || test ! -s conftest.err
configure:2199: $? = 0
configure:2202: test -s conftest.o
configure:2205: $? = 0
configure:2223: result: none needed
configure:2241: gcc-4.1.2 -c -m32 -pipe -I. -Wall -I/usr/local/include -I/usr/include  conftest.c >&5
conftest.c:2: error: expected '=', ',', ';', 'asm' or '__attribute__' before 'me'
configure:2247: $? = 1
configure: failed program was:
| #ifndef __cplusplus
|   choke me
| #endif
configure:2429: checking for g++
configure:2445: found /usr/bin/g++
configure:2455: result: g++
configure:2471: checking for C++ compiler version
configure:2474: g++ --version </dev/null >&5
g++ (GCC) 4.1.2 (Gentoo 4.1.2 p1.3)
Copyright (C) 2006 Free Software Foundation, Inc.
This is free software; see the source for copying conditions.  There is NO
warranty; not even for MERCHANTABILITY or FITNESS FOR A PARTICULAR PURPOSE.

configure:2477: $? = 0
configure:2479: g++ -v </dev/null >&5
Using built-in specs.
Target: x86_64-pc-linux-gnu
Configured with: /var/tmp/portage/sys-devel/gcc-4.1.2/work/gcc-4.1.2/configure --prefix=/usr --bindir=/usr/x86_64-pc-linux-gnu/gcc-bin/4.1.2 --includedir=/usr/lib/gcc/x86_64-pc-linux-gnu/4.1.2/include --datadir=/usr/share/gcc-data/x86_64-pc-linux-gnu/4.1.2 --mandir=/usr/share/gcc-data/x86_64-pc-linux-gnu/4.1.2/man --infodir=/usr/share/gcc-data/x86_64-pc-linux-gnu/4.1.2/info --with-gxx-include-dir=/usr/lib/gcc/x86_64-pc-linux-gnu/4.1.2/include/g++-v4 --host=x86_64-pc-linux-gnu --build=x86_64-pc-linux-gnu --disable-altivec --enable-nls --without-included-gettext --with-system-zlib --disable-werror --enable-secureplt --enable-multilib --enable-libmudflap --disable-libssp --enable-checking=release --disable-libgcj --enable-languages=c,c++,objc,treelang,fortran --enable-shared --enable-threads=posix --enable-__cxa_atexit --enable-clocale=gnu
Thread model: posix
gcc version 4.1.2 (Gentoo 4.1.2 p1.3)
configure:2482: $? = 0
configure:2484: g++ -V </dev/null >&5
g++: '-V' option must have argument
configure:2487: $? = 1
configure:2490: checking whether we are using the GNU C++ compiler
configure:2514: g++ -c   conftest.cc >&5
configure:2520: $? = 0
configure:2523: test -z 			 || test ! -s conftest.err
configure:2526: $? = 0
configure:2529: test -s conftest.o
configure:2532: $? = 0
configure:2545: result: yes
configure:2551: checking whether g++ accepts -g
configure:2572: g++ -c -g  conftest.cc >&5
configure:2578: $? = 0
configure:2581: test -z 			 || test ! -s conftest.err
configure:2584: $? = 0
configure:2587: test -s conftest.o
configure:2590: $? = 0
configure:2601: result: yes
configure:2643: g++ -c -g -O2  conftest.cc >&5
configure:2649: $? = 0
configure:2652: test -z 			 || test ! -s conftest.err
configure:2655: $? = 0
configure:2658: test -s conftest.o
configure:2661: $? = 0
configure:2687: g++ -c -g -O2  conftest.cc >&5
conftest.cc: In function 'int main()':
conftest.cc:13: error: 'exit' was not declared in this scope
configure:2693: $? = 1
configure: failed program was:
| /* confdefs.h.  */
| 
| #define PACKAGE_NAME ""
| #define PACKAGE_TARNAME ""
| #define PACKAGE_VERSION ""
| #define PACKAGE_STRING ""
| #define PACKAGE_BUGREPORT ""
| /* end confdefs.h.  */
| 
| int
| main ()
| {
| exit (42);
|   ;
|   return 0;
| }
configure:2643: g++ -c -g -O2  conftest.cc >&5
configure:2649: $? = 0
configure:2652: test -z 			 || test ! -s conftest.err
configure:2655: $? = 0
configure:2658: test -s conftest.o
configure:2661: $? = 0
configure:2687: g++ -c -g -O2  conftest.cc >&5
configure:2693: $? = 0
configure:2696: test -z 			 || test ! -s conftest.err
configure:2699: $? = 0
configure:2702: test -s conftest.o
configure:2705: $? = 0
configure:2770: checking for nasm
configure:2787: found /usr/bin/nasm
configure:2798: result: nasm
configure:2829: checking for a BSD-compatible install
configure:2884: result: /usr/bin/install -c
configure:2967: checking for sdl-config
configure:2985: found /usr/bin/sdl-config
configure:2998: result: /usr/bin/sdl-config
configure:3006: checking for SDL - version >= 1.2.0
configure:3096: gcc-4.1.2 -o conftest -m32 -pipe -I. -Wall -I/usr/local/include -I/usr/include -D__LINUX__ -I/usr/include/SDL -D_GNU_SOURCE=1 -D_REENTRANT  -m32 --verbose -L/usr/local/lib -L/usr/lib conftest.c  -lSDL -lpthread >&5
Using built-in specs.
Target: x86_64-pc-linux-gnu
Configured with: /var/tmp/portage/sys-devel/gcc-4.1.2/work/gcc-4.1.2/configure --prefix=/usr --bindir=/usr/x86_64-pc-linux-gnu/gcc-bin/4.1.2 --includedir=/usr/lib/gcc/x86_64-pc-linux-gnu/4.1.2/include --datadir=/usr/share/gcc-data/x86_64-pc-linux-gnu/4.1.2 --mandir=/usr/share/gcc-data/x86_64-pc-linux-gnu/4.1.2/man --infodir=/usr/share/gcc-data/x86_64-pc-linux-gnu/4.1.2/info --with-gxx-include-dir=/usr/lib/gcc/x86_64-pc-linux-gnu/4.1.2/include/g++-v4 --host=x86_64-pc-linux-gnu --build=x86_64-pc-linux-gnu --disable-altivec --enable-nls --without-included-gettext --with-system-zlib --disable-werror --enable-secureplt --enable-multilib --enable-libmudflap --disable-libssp --enable-checking=release --disable-libgcj --enable-languages=c,c++,objc,treelang,fortran --enable-shared --enable-threads=posix --enable-__cxa_atexit --enable-clocale=gnu
Thread model: posix
gcc version 4.1.2 (Gentoo 4.1.2 p1.3)
 /usr/libexec/gcc/x86_64-pc-linux-gnu/4.1.2/cc1 -quiet -v -I. -I/usr/local/include -I/usr/include -I/usr/include/SDL -D__LINUX__ -D_GNU_SOURCE=1 -D_REENTRANT conftest.c -quiet -dumpbase conftest.c -m32 -m32 -mtune=k8 -auxbase conftest -Wall -version -o - |
 /usr/lib/gcc/x86_64-pc-linux-gnu/4.1.2/../../../../x86_64-pc-linux-gnu/bin/as -V -Qy --32 -o /tmp/cc9gaYdO.o -
ignoring nonexistent directory "/usr/local/include"
ignoring nonexistent directory "/usr/lib/gcc/x86_64-pc-linux-gnu/4.1.2/../../../../x86_64-pc-linux-gnu/include"
ignoring nonexistent directory "/usr/local/include"
ignoring duplicate directory "/usr/include"
  as it is a non-system directory that duplicates a system directory
#include "..." search starts here:
#include <...> search starts here:
 .
 /usr/include/SDL
 /usr/lib/gcc/x86_64-pc-linux-gnu/4.1.2/include
 /usr/include
End of search list.
GNU C version 4.1.2 (Gentoo 4.1.2 p1.3) (x86_64-pc-linux-gnu)
	compiled by GNU C version 4.1.2 (Gentoo 4.1.2 p1.3).
GGC heuristics: --param ggc-min-expand=100 --param ggc-min-heapsize=131072
GNU assembler version 2.21 (x86_64-pc-linux-gnu) using BFD version (GNU Binutils) 2.21
Compiler executable checksum: 89e88dfdf2891bc7789acb1f4b6fbd12
 /usr/libexec/gcc/x86_64-pc-linux-gnu/4.1.2/collect2 --eh-frame-hdr -m elf_i386 -dynamic-linker /lib/ld-linux.so.2 -o conftest /usr/lib/gcc/x86_64-pc-linux-gnu/4.1.2/../../../../lib32/crt1.o /usr/lib/gcc/x86_64-pc-linux-gnu/4.1.2/../../../../lib32/crti.o /usr/lib/gcc/x86_64-pc-linux-gnu/4.1.2/32/crtbegin.o -L/usr/local/lib -L/usr/lib -L/usr/lib/gcc/x86_64-pc-linux-gnu/4.1.2/32 -L/usr/lib/gcc/x86_64-pc-linux-gnu/4.1.2/32 -L/usr/lib/gcc/x86_64-pc-linux-gnu/4.1.2/../../../../lib32 -L/lib/../lib32 -L/usr/lib/../lib32 -L/usr/lib/gcc/x86_64-pc-linux-gnu/4.1.2 -L/usr/lib/gcc/x86_64-pc-linux-gnu/4.1.2 -L/usr/lib/gcc/x86_64-pc-linux-gnu/4.1.2/../../../../x86_64-pc-linux-gnu/lib -L/usr/lib/gcc/x86_64-pc-linux-gnu/4.1.2/../../.. /tmp/cc9gaYdO.o -lSDL -lpthread -lgcc --as-needed -lgcc_s --no-as-needed -lc -lgcc --as-needed -lgcc_s --no-as-needed /usr/lib/gcc/x86_64-pc-linux-gnu/4.1.2/32/crtend.o /usr/lib/gcc/x86_64-pc-linux-gnu/4.1.2/../../../../lib32/crtn.o
/usr/lib/gcc/x86_64-pc-linux-gnu/4.1.2/../../../../x86_64-pc-linux-gnu/bin/ld: skipping incompatible /usr/lib/libSDL.so when searching for -lSDL
/usr/lib/gcc/x86_64-pc-linux-gnu/4.1.2/../../../../x86_64-pc-linux-gnu/bin/ld: skipping incompatible /usr/lib/libSDL.a when searching for -lSDL
/usr/lib/gcc/x86_64-pc-linux-gnu/4.1.2/../../../../x86_64-pc-linux-gnu/bin/ld: skipping incompatible /usr/lib/libpthread.so when searching for -lpthread
/usr/lib/gcc/x86_64-pc-linux-gnu/4.1.2/../../../../x86_64-pc-linux-gnu/bin/ld: skipping incompatible /usr/lib/libpthread.a when searching for -lpthread
/usr/lib/gcc/x86_64-pc-linux-gnu/4.1.2/../../../../x86_64-pc-linux-gnu/bin/ld: skipping incompatible /usr/lib/libc.so when searching for -lc
/usr/lib/gcc/x86_64-pc-linux-gnu/4.1.2/../../../../x86_64-pc-linux-gnu/bin/ld: skipping incompatible /usr/lib/libc.a when searching for -lc
configure:3099: $? = 0
configure:3101: ./conftest
configure:3104: $? = 0
configure:3122: result: yes
configure:3227: checking for zlib - version >= 1.1.0
configure:3313: gcc-4.1.2 -o conftest -m32 -pipe -I. -Wall -I/usr/local/include -I/usr/include -D__LINUX__   -m32 --verbose -L/usr/local/lib -L/usr/lib conftest.c   -lz >&5
Using built-in specs.
Target: x86_64-pc-linux-gnu
Configured with: /var/tmp/portage/sys-devel/gcc-4.1.2/work/gcc-4.1.2/configure --prefix=/usr --bindir=/usr/x86_64-pc-linux-gnu/gcc-bin/4.1.2 --includedir=/usr/lib/gcc/x86_64-pc-linux-gnu/4.1.2/include --datadir=/usr/share/gcc-data/x86_64-pc-linux-gnu/4.1.2 --mandir=/usr/share/gcc-data/x86_64-pc-linux-gnu/4.1.2/man --infodir=/usr/share/gcc-data/x86_64-pc-linux-gnu/4.1.2/info --with-gxx-include-dir=/usr/lib/gcc/x86_64-pc-linux-gnu/4.1.2/include/g++-v4 --host=x86_64-pc-linux-gnu --build=x86_64-pc-linux-gnu --disable-altivec --enable-nls --without-included-gettext --with-system-zlib --disable-werror --enable-secureplt --enable-multilib --enable-libmudflap --disable-libssp --enable-checking=release --disable-libgcj --enable-languages=c,c++,objc,treelang,fortran --enable-shared --enable-threads=posix --enable-__cxa_atexit --enable-clocale=gnu
Thread model: posix
gcc version 4.1.2 (Gentoo 4.1.2 p1.3)
 /usr/libexec/gcc/x86_64-pc-linux-gnu/4.1.2/cc1 -quiet -v -I. -I/usr/local/include -I/usr/include -D__LINUX__ conftest.c -quiet -dumpbase conftest.c -m32 -m32 -mtune=k8 -auxbase conftest -Wall -version -o - |
 /usr/lib/gcc/x86_64-pc-linux-gnu/4.1.2/../../../../x86_64-pc-linux-gnu/bin/as -V -Qy --32 -o /tmp/cc7IcA4S.o -
ignoring nonexistent directory "/usr/local/include"
ignoring nonexistent directory "/usr/lib/gcc/x86_64-pc-linux-gnu/4.1.2/../../../../x86_64-pc-linux-gnu/include"
ignoring nonexistent directory "/usr/local/include"
ignoring duplicate directory "/usr/include"
  as it is a non-system directory that duplicates a system directory
#include "..." search starts here:
#include <...> search starts here:
 .
 /usr/lib/gcc/x86_64-pc-linux-gnu/4.1.2/include
 /usr/include
End of search list.
GNU C version 4.1.2 (Gentoo 4.1.2 p1.3) (x86_64-pc-linux-gnu)
	compiled by GNU C version 4.1.2 (Gentoo 4.1.2 p1.3).
GGC heuristics: --param ggc-min-expand=100 --param ggc-min-heapsize=131072
GNU assembler version 2.21 (x86_64-pc-linux-gnu) using BFD version (GNU Binutils) 2.21
Compiler executable checksum: 89e88dfdf2891bc7789acb1f4b6fbd12
 /usr/libexec/gcc/x86_64-pc-linux-gnu/4.1.2/collect2 --eh-frame-hdr -m elf_i386 -dynamic-linker /lib/ld-linux.so.2 -o conftest /usr/lib/gcc/x86_64-pc-linux-gnu/4.1.2/../../../../lib32/crt1.o /usr/lib/gcc/x86_64-pc-linux-gnu/4.1.2/../../../../lib32/crti.o /usr/lib/gcc/x86_64-pc-linux-gnu/4.1.2/32/crtbegin.o -L/usr/local/lib -L/usr/lib -L/usr/lib/gcc/x86_64-pc-linux-gnu/4.1.2/32 -L/usr/lib/gcc/x86_64-pc-linux-gnu/4.1.2/32 -L/usr/lib/gcc/x86_64-pc-linux-gnu/4.1.2/../../../../lib32 -L/lib/../lib32 -L/usr/lib/../lib32 -L/usr/lib/gcc/x86_64-pc-linux-gnu/4.1.2 -L/usr/lib/gcc/x86_64-pc-linux-gnu/4.1.2 -L/usr/lib/gcc/x86_64-pc-linux-gnu/4.1.2/../../../../x86_64-pc-linux-gnu/lib -L/usr/lib/gcc/x86_64-pc-linux-gnu/4.1.2/../../.. /tmp/cc7IcA4S.o -lz -lgcc --as-needed -lgcc_s --no-as-needed -lc -lgcc --as-needed -lgcc_s --no-as-needed /usr/lib/gcc/x86_64-pc-linux-gnu/4.1.2/32/crtend.o /usr/lib/gcc/x86_64-pc-linux-gnu/4.1.2/../../../../lib32/crtn.o
/usr/lib/gcc/x86_64-pc-linux-gnu/4.1.2/../../../../x86_64-pc-linux-gnu/bin/ld: skipping incompatible /usr/lib/libz.so when searching for -lz
/usr/lib/gcc/x86_64-pc-linux-gnu/4.1.2/../../../../x86_64-pc-linux-gnu/bin/ld: skipping incompatible /usr/lib/libz.a when searching for -lz
/usr/lib/gcc/x86_64-pc-linux-gnu/4.1.2/../../../../x86_64-pc-linux-gnu/bin/ld: skipping incompatible /usr/lib/libc.so when searching for -lc
/usr/lib/gcc/x86_64-pc-linux-gnu/4.1.2/../../../../x86_64-pc-linux-gnu/bin/ld: skipping incompatible /usr/lib/libc.a when searching for -lc
configure:3316: $? = 0
configure:3318: ./conftest
configure:3321: $? = 0
configure:3334: result: yes
configure:3387: checking for libpng - version >= 1.2.0
configure:3466: gcc-4.1.2 -o conftest -m32 -pipe -I. -Wall -I/usr/local/include -I/usr/include -D__LINUX__    -m32 --verbose -L/usr/local/lib -L/usr/lib  -lz conftest.c   -lpng -lm >&5
Using built-in specs.
Target: x86_64-pc-linux-gnu
Configured with: /var/tmp/portage/sys-devel/gcc-4.1.2/work/gcc-4.1.2/configure --prefix=/usr --bindir=/usr/x86_64-pc-linux-gnu/gcc-bin/4.1.2 --includedir=/usr/lib/gcc/x86_64-pc-linux-gnu/4.1.2/include --datadir=/usr/share/gcc-data/x86_64-pc-linux-gnu/4.1.2 --mandir=/usr/share/gcc-data/x86_64-pc-linux-gnu/4.1.2/man --infodir=/usr/share/gcc-data/x86_64-pc-linux-gnu/4.1.2/info --with-gxx-include-dir=/usr/lib/gcc/x86_64-pc-linux-gnu/4.1.2/include/g++-v4 --host=x86_64-pc-linux-gnu --build=x86_64-pc-linux-gnu --disable-altivec --enable-nls --without-included-gettext --with-system-zlib --disable-werror --enable-secureplt --enable-multilib --enable-libmudflap --disable-libssp --enable-checking=release --disable-libgcj --enable-languages=c,c++,objc,treelang,fortran --enable-shared --enable-threads=posix --enable-__cxa_atexit --enable-clocale=gnu
Thread model: posix
gcc version 4.1.2 (Gentoo 4.1.2 p1.3)
 /usr/libexec/gcc/x86_64-pc-linux-gnu/4.1.2/cc1 -quiet -v -I. -I/usr/local/include -I/usr/include -D__LINUX__ conftest.c -quiet -dumpbase conftest.c -m32 -m32 -mtune=k8 -auxbase conftest -Wall -version -o - |
 /usr/lib/gcc/x86_64-pc-linux-gnu/4.1.2/../../../../x86_64-pc-linux-gnu/bin/as -V -Qy --32 -o /tmp/ccCF40FZ.o -
ignoring nonexistent directory "/usr/local/include"
ignoring nonexistent directory "/usr/lib/gcc/x86_64-pc-linux-gnu/4.1.2/../../../../x86_64-pc-linux-gnu/include"
ignoring nonexistent directory "/usr/local/include"
ignoring duplicate directory "/usr/include"
  as it is a non-system directory that duplicates a system directory
#include "..." search starts here:
#include <...> search starts here:
 .
 /usr/lib/gcc/x86_64-pc-linux-gnu/4.1.2/include
 /usr/include
End of search list.
GNU C version 4.1.2 (Gentoo 4.1.2 p1.3) (x86_64-pc-linux-gnu)
	compiled by GNU C version 4.1.2 (Gentoo 4.1.2 p1.3).
GGC heuristics: --param ggc-min-expand=100 --param ggc-min-heapsize=131072
GNU assembler version 2.21 (x86_64-pc-linux-gnu) using BFD version (GNU Binutils) 2.21
Compiler executable checksum: 89e88dfdf2891bc7789acb1f4b6fbd12
 /usr/libexec/gcc/x86_64-pc-linux-gnu/4.1.2/collect2 --eh-frame-hdr -m elf_i386 -dynamic-linker /lib/ld-linux.so.2 -o conftest /usr/lib/gcc/x86_64-pc-linux-gnu/4.1.2/../../../../lib32/crt1.o /usr/lib/gcc/x86_64-pc-linux-gnu/4.1.2/../../../../lib32/crti.o /usr/lib/gcc/x86_64-pc-linux-gnu/4.1.2/32/crtbegin.o -L/usr/local/lib -L/usr/lib -L/usr/lib/gcc/x86_64-pc-linux-gnu/4.1.2/32 -L/usr/lib/gcc/x86_64-pc-linux-gnu/4.1.2/32 -L/usr/lib/gcc/x86_64-pc-linux-gnu/4.1.2/../../../../lib32 -L/lib/../lib32 -L/usr/lib/../lib32 -L/usr/lib/gcc/x86_64-pc-linux-gnu/4.1.2 -L/usr/lib/gcc/x86_64-pc-linux-gnu/4.1.2 -L/usr/lib/gcc/x86_64-pc-linux-gnu/4.1.2/../../../../x86_64-pc-linux-gnu/lib -L/usr/lib/gcc/x86_64-pc-linux-gnu/4.1.2/../../.. -lz /tmp/ccCF40FZ.o -lpng -lm -lgcc --as-needed -lgcc_s --no-as-needed -lc -lgcc --as-needed -lgcc_s --no-as-needed /usr/lib/gcc/x86_64-pc-linux-gnu/4.1.2/32/crtend.o /usr/lib/gcc/x86_64-pc-linux-gnu/4.1.2/../../../../lib32/crtn.o
/usr/lib/gcc/x86_64-pc-linux-gnu/4.1.2/../../../../x86_64-pc-linux-gnu/bin/ld: skipping incompatible /usr/lib/libz.so when searching for -lz
/usr/lib/gcc/x86_64-pc-linux-gnu/4.1.2/../../../../x86_64-pc-linux-gnu/bin/ld: skipping incompatible /usr/lib/libz.a when searching for -lz
/usr/lib/gcc/x86_64-pc-linux-gnu/4.1.2/../../../../x86_64-pc-linux-gnu/bin/ld: skipping incompatible /usr/lib/libpng.so when searching for -lpng
/usr/lib/gcc/x86_64-pc-linux-gnu/4.1.2/../../../../x86_64-pc-linux-gnu/bin/ld: skipping incompatible /usr/lib/libpng.a when searching for -lpng
/usr/lib/gcc/x86_64-pc-linux-gnu/4.1.2/../../../../x86_64-pc-linux-gnu/bin/ld: skipping incompatible /usr/lib/libm.so when searching for -lm
/usr/lib/gcc/x86_64-pc-linux-gnu/4.1.2/../../../../x86_64-pc-linux-gnu/bin/ld: skipping incompatible /usr/lib/libm.a when searching for -lm
/usr/lib/gcc/x86_64-pc-linux-gnu/4.1.2/../../../../x86_64-pc-linux-gnu/bin/ld: skipping incompatible /usr/lib/libc.so when searching for -lc
/usr/lib/gcc/x86_64-pc-linux-gnu/4.1.2/../../../../x86_64-pc-linux-gnu/bin/ld: skipping incompatible /usr/lib/libc.a when searching for -lc
configure:3469: $? = 0
configure:3471: ./conftest
configure:3474: $? = 0
configure:3487: result: yes
configure:3544: checking how to run the C preprocessor
configure:3579: gcc-4.1.2 -E  conftest.c
configure:3585: $? = 0
configure:3617: gcc-4.1.2 -E  conftest.c
conftest.c:12:28: error: ac_nonexistent.h: No such file or directory
configure:3623: $? = 1
configure: failed program was:
| /* confdefs.h.  */
| 
| #define PACKAGE_NAME ""
| #define PACKAGE_TARNAME ""
| #define PACKAGE_VERSION ""
| #define PACKAGE_STRING ""
| #define PACKAGE_BUGREPORT ""
| #ifdef __cplusplus
| extern "C" void std::exit (int) throw (); using std::exit;
| #endif
| /* end confdefs.h.  */
| #include <ac_nonexistent.h>
configure:3662: result: gcc-4.1.2 -E
configure:3686: gcc-4.1.2 -E  conftest.c
configure:3692: $? = 0
configure:3724: gcc-4.1.2 -E  conftest.c
conftest.c:12:28: error: ac_nonexistent.h: No such file or directory
configure:3730: $? = 1
configure: failed program was:
| /* confdefs.h.  */
| 
| #define PACKAGE_NAME ""
| #define PACKAGE_TARNAME ""
| #define PACKAGE_VERSION ""
| #define PACKAGE_STRING ""
| #define PACKAGE_BUGREPORT ""
| #ifdef __cplusplus
| extern "C" void std::exit (int) throw (); using std::exit;
| #endif
| /* end confdefs.h.  */
| #include <ac_nonexistent.h>
configure:3774: checking for X
configure:3880: gcc-4.1.2 -E  conftest.c
configure:3886: $? = 0
configure:4008: result: libraries /usr/lib64, headers in standard search path
configure:4017: checking for glGetError in -lGL
configure:4047: gcc-4.1.2 -o conftest -m32 -pipe -I. -Wall -I/usr/local/include -I/usr/include -D__LINUX__  -I/usr/include/SDL -D_GNU_SOURCE=1 -D_REENTRANT   -m32 --verbose -L/usr/local/lib -L/usr/lib  -lz -lSDL -lpthread  -lpng -lm -L/usr/lib64 conftest.c -lGL   >&5
Using built-in specs.
Target: x86_64-pc-linux-gnu
Configured with: /var/tmp/portage/sys-devel/gcc-4.1.2/work/gcc-4.1.2/configure --prefix=/usr --bindir=/usr/x86_64-pc-linux-gnu/gcc-bin/4.1.2 --includedir=/usr/lib/gcc/x86_64-pc-linux-gnu/4.1.2/include --datadir=/usr/share/gcc-data/x86_64-pc-linux-gnu/4.1.2 --mandir=/usr/share/gcc-data/x86_64-pc-linux-gnu/4.1.2/man --infodir=/usr/share/gcc-data/x86_64-pc-linux-gnu/4.1.2/info --with-gxx-include-dir=/usr/lib/gcc/x86_64-pc-linux-gnu/4.1.2/include/g++-v4 --host=x86_64-pc-linux-gnu --build=x86_64-pc-linux-gnu --disable-altivec --enable-nls --without-included-gettext --with-system-zlib --disable-werror --enable-secureplt --enable-multilib --enable-libmudflap --disable-libssp --enable-checking=release --disable-libgcj --enable-languages=c,c++,objc,treelang,fortran --enable-shared --enable-threads=posix --enable-__cxa_atexit --enable-clocale=gnu
Thread model: posix
gcc version 4.1.2 (Gentoo 4.1.2 p1.3)
 /usr/libexec/gcc/x86_64-pc-linux-gnu/4.1.2/cc1 -quiet -v -I. -I/usr/local/include -I/usr/include -I/usr/include/SDL -D__LINUX__ -D_GNU_SOURCE=1 -D_REENTRANT conftest.c -quiet -dumpbase conftest.c -m32 -m32 -mtune=k8 -auxbase conftest -Wall -version -o - |
 /usr/lib/gcc/x86_64-pc-linux-gnu/4.1.2/../../../../x86_64-pc-linux-gnu/bin/as -V -Qy --32 -o /tmp/cclcvYHf.o -
ignoring nonexistent directory "/usr/local/include"
ignoring nonexistent directory "/usr/lib/gcc/x86_64-pc-linux-gnu/4.1.2/../../../../x86_64-pc-linux-gnu/include"
ignoring nonexistent directory "/usr/local/include"
ignoring duplicate directory "/usr/include"
  as it is a non-system directory that duplicates a system directory
#include "..." search starts here:
#include <...> search starts here:
 .
 /usr/include/SDL
 /usr/lib/gcc/x86_64-pc-linux-gnu/4.1.2/include
 /usr/include
End of search list.
GNU C version 4.1.2 (Gentoo 4.1.2 p1.3) (x86_64-pc-linux-gnu)
	compiled by GNU C version 4.1.2 (Gentoo 4.1.2 p1.3).
GGC heuristics: --param ggc-min-expand=100 --param ggc-min-heapsize=131072
GNU assembler version 2.21 (x86_64-pc-linux-gnu) using BFD version (GNU Binutils) 2.21
Compiler executable checksum: 89e88dfdf2891bc7789acb1f4b6fbd12
 /usr/libexec/gcc/x86_64-pc-linux-gnu/4.1.2/collect2 --eh-frame-hdr -m elf_i386 -dynamic-linker /lib/ld-linux.so.2 -o conftest /usr/lib/gcc/x86_64-pc-linux-gnu/4.1.2/../../../../lib32/crt1.o /usr/lib/gcc/x86_64-pc-linux-gnu/4.1.2/../../../../lib32/crti.o /usr/lib/gcc/x86_64-pc-linux-gnu/4.1.2/32/crtbegin.o -L/usr/local/lib -L/usr/lib -L/usr/lib64 -L/usr/lib/gcc/x86_64-pc-linux-gnu/4.1.2/32 -L/usr/lib/gcc/x86_64-pc-linux-gnu/4.1.2/32 -L/usr/lib/gcc/x86_64-pc-linux-gnu/4.1.2/../../../../lib32 -L/lib/../lib32 -L/usr/lib/../lib32 -L/usr/lib/gcc/x86_64-pc-linux-gnu/4.1.2 -L/usr/lib/gcc/x86_64-pc-linux-gnu/4.1.2 -L/usr/lib/gcc/x86_64-pc-linux-gnu/4.1.2/../../../../x86_64-pc-linux-gnu/lib -L/usr/lib/gcc/x86_64-pc-linux-gnu/4.1.2/../../.. -lz -lSDL -lpthread -lpng -lm /tmp/cclcvYHf.o -lGL -lgcc --as-needed -lgcc_s --no-as-needed -lc -lgcc --as-needed -lgcc_s --no-as-needed /usr/lib/gcc/x86_64-pc-linux-gnu/4.1.2/32/crtend.o /usr/lib/gcc/x86_64-pc-linux-gnu/4.1.2/../../../../lib32/crtn.o
/usr/lib/gcc/x86_64-pc-linux-gnu/4.1.2/../../../../x86_64-pc-linux-gnu/bin/ld: skipping incompatible /usr/lib/libz.so when searching for -lz
/usr/lib/gcc/x86_64-pc-linux-gnu/4.1.2/../../../../x86_64-pc-linux-gnu/bin/ld: skipping incompatible /usr/lib/libz.a when searching for -lz
/usr/lib/gcc/x86_64-pc-linux-gnu/4.1.2/../../../../x86_64-pc-linux-gnu/bin/ld: skipping incompatible /usr/lib64/libz.so when searching for -lz
/usr/lib/gcc/x86_64-pc-linux-gnu/4.1.2/../../../../x86_64-pc-linux-gnu/bin/ld: skipping incompatible /usr/lib64/libz.a when searching for -lz
/usr/lib/gcc/x86_64-pc-linux-gnu/4.1.2/../../../../x86_64-pc-linux-gnu/bin/ld: skipping incompatible /usr/lib/libSDL.so when searching for -lSDL
/usr/lib/gcc/x86_64-pc-linux-gnu/4.1.2/../../../../x86_64-pc-linux-gnu/bin/ld: skipping incompatible /usr/lib/libSDL.a when searching for -lSDL
/usr/lib/gcc/x86_64-pc-linux-gnu/4.1.2/../../../../x86_64-pc-linux-gnu/bin/ld: skipping incompatible /usr/lib64/libSDL.so when searching for -lSDL
/usr/lib/gcc/x86_64-pc-linux-gnu/4.1.2/../../../../x86_64-pc-linux-gnu/bin/ld: skipping incompatible /usr/lib64/libSDL.a when searching for -lSDL
/usr/lib/gcc/x86_64-pc-linux-gnu/4.1.2/../../../../x86_64-pc-linux-gnu/bin/ld: skipping incompatible /usr/lib/libpthread.so when searching for -lpthread
/usr/lib/gcc/x86_64-pc-linux-gnu/4.1.2/../../../../x86_64-pc-linux-gnu/bin/ld: skipping incompatible /usr/lib/libpthread.a when searching for -lpthread
/usr/lib/gcc/x86_64-pc-linux-gnu/4.1.2/../../../../x86_64-pc-linux-gnu/bin/ld: skipping incompatible /usr/lib64/libpthread.so when searching for -lpthread
/usr/lib/gcc/x86_64-pc-linux-gnu/4.1.2/../../../../x86_64-pc-linux-gnu/bin/ld: skipping incompatible /usr/lib64/libpthread.a when searching for -lpthread
/usr/lib/gcc/x86_64-pc-linux-gnu/4.1.2/../../../../x86_64-pc-linux-gnu/bin/ld: skipping incompatible /usr/lib/libpng.so when searching for -lpng
/usr/lib/gcc/x86_64-pc-linux-gnu/4.1.2/../../../../x86_64-pc-linux-gnu/bin/ld: skipping incompatible /usr/lib/libpng.a when searching for -lpng
/usr/lib/gcc/x86_64-pc-linux-gnu/4.1.2/../../../../x86_64-pc-linux-gnu/bin/ld: skipping incompatible /usr/lib64/libpng.so when searching for -lpng
/usr/lib/gcc/x86_64-pc-linux-gnu/4.1.2/../../../../x86_64-pc-linux-gnu/bin/ld: skipping incompatible /usr/lib64/libpng.a when searching for -lpng
/usr/lib/gcc/x86_64-pc-linux-gnu/4.1.2/../../../../x86_64-pc-linux-gnu/bin/ld: skipping incompatible /usr/lib/libm.so when searching for -lm
/usr/lib/gcc/x86_64-pc-linux-gnu/4.1.2/../../../../x86_64-pc-linux-gnu/bin/ld: skipping incompatible /usr/lib/libm.a when searching for -lm
/usr/lib/gcc/x86_64-pc-linux-gnu/4.1.2/../../../../x86_64-pc-linux-gnu/bin/ld: skipping incompatible /usr/lib64/libm.so when searching for -lm
/usr/lib/gcc/x86_64-pc-linux-gnu/4.1.2/../../../../x86_64-pc-linux-gnu/bin/ld: skipping incompatible /usr/lib64/libm.a when searching for -lm
/usr/lib/gcc/x86_64-pc-linux-gnu/4.1.2/../../../../x86_64-pc-linux-gnu/bin/ld: skipping incompatible /usr/lib/libGL.so when searching for -lGL
/usr/lib/gcc/x86_64-pc-linux-gnu/4.1.2/../../../../x86_64-pc-linux-gnu/bin/ld: skipping incompatible /usr/lib64/libGL.so when searching for -lGL
/usr/lib/gcc/x86_64-pc-linux-gnu/4.1.2/../../../../x86_64-pc-linux-gnu/bin/ld: skipping incompatible /usr/lib/libc.so when searching for -lc
/usr/lib/gcc/x86_64-pc-linux-gnu/4.1.2/../../../../x86_64-pc-linux-gnu/bin/ld: skipping incompatible /usr/lib/libc.a when searching for -lc
/usr/lib/gcc/x86_64-pc-linux-gnu/4.1.2/../../../../x86_64-pc-linux-gnu/bin/ld: skipping incompatible /usr/lib64/libc.so when searching for -lc
/usr/lib/gcc/x86_64-pc-linux-gnu/4.1.2/../../../../x86_64-pc-linux-gnu/bin/ld: skipping incompatible /usr/lib64/libc.a when searching for -lc
configure:4053: $? = 0
configure:4056: test -z 			 || test ! -s conftest.err
configure:4059: $? = 0
configure:4062: test -s conftest
configure:4065: $? = 0
configure:4078: result: yes
configure:4105: checking if you want gdb friendly executable
configure:4115: result: no
configure:4123: checking which processor class to optimize for
configure:4143: result: 386
configure:4145: WARNING: *** This is probably not what you want use --target
configure:4154: checking for egrep
configure:4164: result: grep -E
configure:4169: checking for ANSI C header files
configure:4194: gcc-4.1.2 -c -m32 -pipe -I. -Wall -I/usr/local/include -I/usr/include -D__LINUX__  -I/usr/include/SDL -D_GNU_SOURCE=1 -D_REENTRANT  -D__OPENGL__ -O3 -ffast-math -fomit-frame-pointer -fexpensive-optimizations -s  conftest.c >&5
configure:4200: $? = 0
configure:4203: test -z 			 || test ! -s conftest.err
configure:4206: $? = 0
configure:4209: test -s conftest.o
configure:4212: $? = 0
configure:4301: gcc-4.1.2 -o conftest -m32 -pipe -I. -Wall -I/usr/local/include -I/usr/include -D__LINUX__  -I/usr/include/SDL -D_GNU_SOURCE=1 -D_REENTRANT  -D__OPENGL__ -O3 -ffast-math -fomit-frame-pointer -fexpensive-optimizations -s  -m32 --verbose -L/usr/local/lib -L/usr/lib  -lz -lSDL -lpthread  -lpng -lm -L/usr/lib64 -lGL conftest.c  >&5
Using built-in specs.
Target: x86_64-pc-linux-gnu
Configured with: /var/tmp/portage/sys-devel/gcc-4.1.2/work/gcc-4.1.2/configure --prefix=/usr --bindir=/usr/x86_64-pc-linux-gnu/gcc-bin/4.1.2 --includedir=/usr/lib/gcc/x86_64-pc-linux-gnu/4.1.2/include --datadir=/usr/share/gcc-data/x86_64-pc-linux-gnu/4.1.2 --mandir=/usr/share/gcc-data/x86_64-pc-linux-gnu/4.1.2/man --infodir=/usr/share/gcc-data/x86_64-pc-linux-gnu/4.1.2/info --with-gxx-include-dir=/usr/lib/gcc/x86_64-pc-linux-gnu/4.1.2/include/g++-v4 --host=x86_64-pc-linux-gnu --build=x86_64-pc-linux-gnu --disable-altivec --enable-nls --without-included-gettext --with-system-zlib --disable-werror --enable-secureplt --enable-multilib --enable-libmudflap --disable-libssp --enable-checking=release --disable-libgcj --enable-languages=c,c++,objc,treelang,fortran --enable-shared --enable-threads=posix --enable-__cxa_atexit --enable-clocale=gnu
Thread model: posix
gcc version 4.1.2 (Gentoo 4.1.2 p1.3)
 /usr/libexec/gcc/x86_64-pc-linux-gnu/4.1.2/cc1 -quiet -v -I. -I/usr/local/include -I/usr/include -I/usr/include/SDL -D__LINUX__ -D_GNU_SOURCE=1 -D_REENTRANT -D__OPENGL__ conftest.c -quiet -dumpbase conftest.c -m32 -m32 -mtune=k8 -auxbase conftest -O3 -Wall -version -ffast-math -fomit-frame-pointer -fexpensive-optimizations -o - |
 /usr/lib/gcc/x86_64-pc-linux-gnu/4.1.2/../../../../x86_64-pc-linux-gnu/bin/as -V -Qy --32 -o /tmp/ccyOOqDd.o -
ignoring nonexistent directory "/usr/local/include"
ignoring nonexistent directory "/usr/lib/gcc/x86_64-pc-linux-gnu/4.1.2/../../../../x86_64-pc-linux-gnu/include"
ignoring nonexistent directory "/usr/local/include"
ignoring duplicate directory "/usr/include"
  as it is a non-system directory that duplicates a system directory
#include "..." search starts here:
#include <...> search starts here:
 .
 /usr/include/SDL
 /usr/lib/gcc/x86_64-pc-linux-gnu/4.1.2/include
 /usr/include
End of search list.
GNU C version 4.1.2 (Gentoo 4.1.2 p1.3) (x86_64-pc-linux-gnu)
	compiled by GNU C version 4.1.2 (Gentoo 4.1.2 p1.3).
GGC heuristics: --param ggc-min-expand=100 --param ggc-min-heapsize=131072
GNU assembler version 2.21 (x86_64-pc-linux-gnu) using BFD version (GNU Binutils) 2.21
Compiler executable checksum: 89e88dfdf2891bc7789acb1f4b6fbd12
conftest.c: In function 'main':
conftest.c:29: warning: implicit declaration of function 'exit'
conftest.c:29: warning: incompatible implicit declaration of built-in function 'exit'
 /usr/libexec/gcc/x86_64-pc-linux-gnu/4.1.2/collect2 --eh-frame-hdr -m elf_i386 -dynamic-linker /lib/ld-linux.so.2 -o conftest -s /usr/lib/gcc/x86_64-pc-linux-gnu/4.1.2/../../../../lib32/crt1.o /usr/lib/gcc/x86_64-pc-linux-gnu/4.1.2/../../../../lib32/crti.o /usr/lib/gcc/x86_64-pc-linux-gnu/4.1.2/32/crtbegin.o -L/usr/local/lib -L/usr/lib -L/usr/lib64 -L/usr/lib/gcc/x86_64-pc-linux-gnu/4.1.2/32 -L/usr/lib/gcc/x86_64-pc-linux-gnu/4.1.2/32 -L/usr/lib/gcc/x86_64-pc-linux-gnu/4.1.2/../../../../lib32 -L/lib/../lib32 -L/usr/lib/../lib32 -L/usr/lib/gcc/x86_64-pc-linux-gnu/4.1.2 -L/usr/lib/gcc/x86_64-pc-linux-gnu/4.1.2 -L/usr/lib/gcc/x86_64-pc-linux-gnu/4.1.2/../../../../x86_64-pc-linux-gnu/lib -L/usr/lib/gcc/x86_64-pc-linux-gnu/4.1.2/../../.. -lz -lSDL -lpthread -lpng -lm -lGL /tmp/ccyOOqDd.o -lgcc --as-needed -lgcc_s --no-as-needed -lc -lgcc --as-needed -lgcc_s --no-as-needed /usr/lib/gcc/x86_64-pc-linux-gnu/4.1.2/32/crtfastmath.o /usr/lib/gcc/x86_64-pc-linux-gnu/4.1.2/32/crtend.o /usr/lib/gcc/x86_64-pc-linux-gnu/4.1.2/../../../../lib32/crtn.o
/usr/lib/gcc/x86_64-pc-linux-gnu/4.1.2/../../../../x86_64-pc-linux-gnu/bin/ld: skipping incompatible /usr/lib/libz.so when searching for -lz
/usr/lib/gcc/x86_64-pc-linux-gnu/4.1.2/../../../../x86_64-pc-linux-gnu/bin/ld: skipping incompatible /usr/lib/libz.a when searching for -lz
/usr/lib/gcc/x86_64-pc-linux-gnu/4.1.2/../../../../x86_64-pc-linux-gnu/bin/ld: skipping incompatible /usr/lib64/libz.so when searching for -lz
/usr/lib/gcc/x86_64-pc-linux-gnu/4.1.2/../../../../x86_64-pc-linux-gnu/bin/ld: skipping incompatible /usr/lib64/libz.a when searching for -lz
/usr/lib/gcc/x86_64-pc-linux-gnu/4.1.2/../../../../x86_64-pc-linux-gnu/bin/ld: skipping incompatible /usr/lib/libSDL.so when searching for -lSDL
/usr/lib/gcc/x86_64-pc-linux-gnu/4.1.2/../../../../x86_64-pc-linux-gnu/bin/ld: skipping incompatible /usr/lib/libSDL.a when searching for -lSDL
/usr/lib/gcc/x86_64-pc-linux-gnu/4.1.2/../../../../x86_64-pc-linux-gnu/bin/ld: skipping incompatible /usr/lib64/libSDL.so when searching for -lSDL
/usr/lib/gcc/x86_64-pc-linux-gnu/4.1.2/../../../../x86_64-pc-linux-gnu/bin/ld: skipping incompatible /usr/lib64/libSDL.a when searching for -lSDL
/usr/lib/gcc/x86_64-pc-linux-gnu/4.1.2/../../../../x86_64-pc-linux-gnu/bin/ld: skipping incompatible /usr/lib/libpthread.so when searching for -lpthread
/usr/lib/gcc/x86_64-pc-linux-gnu/4.1.2/../../../../x86_64-pc-linux-gnu/bin/ld: skipping incompatible /usr/lib/libpthread.a when searching for -lpthread
/usr/lib/gcc/x86_64-pc-linux-gnu/4.1.2/../../../../x86_64-pc-linux-gnu/bin/ld: skipping incompatible /usr/lib64/libpthread.so when searching for -lpthread
/usr/lib/gcc/x86_64-pc-linux-gnu/4.1.2/../../../../x86_64-pc-linux-gnu/bin/ld: skipping incompatible /usr/lib64/libpthread.a when searching for -lpthread
/usr/lib/gcc/x86_64-pc-linux-gnu/4.1.2/../../../../x86_64-pc-linux-gnu/bin/ld: skipping incompatible /usr/lib/libpng.so when searching for -lpng
/usr/lib/gcc/x86_64-pc-linux-gnu/4.1.2/../../../../x86_64-pc-linux-gnu/bin/ld: skipping incompatible /usr/lib/libpng.a when searching for -lpng
/usr/lib/gcc/x86_64-pc-linux-gnu/4.1.2/../../../../x86_64-pc-linux-gnu/bin/ld: skipping incompatible /usr/lib64/libpng.so when searching for -lpng
/usr/lib/gcc/x86_64-pc-linux-gnu/4.1.2/../../../../x86_64-pc-linux-gnu/bin/ld: skipping incompatible /usr/lib64/libpng.a when searching for -lpng
/usr/lib/gcc/x86_64-pc-linux-gnu/4.1.2/../../../../x86_64-pc-linux-gnu/bin/ld: skipping incompatible /usr/lib/libm.so when searching for -lm
/usr/lib/gcc/x86_64-pc-linux-gnu/4.1.2/../../../../x86_64-pc-linux-gnu/bin/ld: skipping incompatible /usr/lib/libm.a when searching for -lm
/usr/lib/gcc/x86_64-pc-linux-gnu/4.1.2/../../../../x86_64-pc-linux-gnu/bin/ld: skipping incompatible /usr/lib64/libm.so when searching for -lm
/usr/lib/gcc/x86_64-pc-linux-gnu/4.1.2/../../../../x86_64-pc-linux-gnu/bin/ld: skipping incompatible /usr/lib64/libm.a when searching for -lm
/usr/lib/gcc/x86_64-pc-linux-gnu/4.1.2/../../../../x86_64-pc-linux-gnu/bin/ld: skipping incompatible /usr/lib/libGL.so when searching for -lGL
/usr/lib/gcc/x86_64-pc-linux-gnu/4.1.2/../../../../x86_64-pc-linux-gnu/bin/ld: skipping incompatible /usr/lib64/libGL.so when searching for -lGL
/usr/lib/gcc/x86_64-pc-linux-gnu/4.1.2/../../../../x86_64-pc-linux-gnu/bin/ld: skipping incompatible /usr/lib/libc.so when searching for -lc
/usr/lib/gcc/x86_64-pc-linux-gnu/4.1.2/../../../../x86_64-pc-linux-gnu/bin/ld: skipping incompatible /usr/lib/libc.a when searching for -lc
/usr/lib/gcc/x86_64-pc-linux-gnu/4.1.2/../../../../x86_64-pc-linux-gnu/bin/ld: skipping incompatible /usr/lib64/libc.so when searching for -lc
/usr/lib/gcc/x86_64-pc-linux-gnu/4.1.2/../../../../x86_64-pc-linux-gnu/bin/ld: skipping incompatible /usr/lib64/libc.a when searching for -lc
configure:4304: $? = 0
configure:4306: ./conftest
configure:4309: $? = 0
configure:4324: result: yes
configure:4348: checking for sys/types.h
configure:4364: gcc-4.1.2 -c -m32 -pipe -I. -Wall -I/usr/local/include -I/usr/include -D__LINUX__  -I/usr/include/SDL -D_GNU_SOURCE=1 -D_REENTRANT  -D__OPENGL__ -O3 -ffast-math -fomit-frame-pointer -fexpensive-optimizations -s  conftest.c >&5
configure:4370: $? = 0
configure:4373: test -z 			 || test ! -s conftest.err
configure:4376: $? = 0
configure:4379: test -s conftest.o
configure:4382: $? = 0
configure:4393: result: yes
configure:4348: checking for sys/stat.h
configure:4364: gcc-4.1.2 -c -m32 -pipe -I. -Wall -I/usr/local/include -I/usr/include -D__LINUX__  -I/usr/include/SDL -D_GNU_SOURCE=1 -D_REENTRANT  -D__OPENGL__ -O3 -ffast-math -fomit-frame-pointer -fexpensive-optimizations -s  conftest.c >&5
configure:4370: $? = 0
configure:4373: test -z 			 || test ! -s conftest.err
configure:4376: $? = 0
configure:4379: test -s conftest.o
configure:4382: $? = 0
configure:4393: result: yes
configure:4348: checking for stdlib.h
configure:4364: gcc-4.1.2 -c -m32 -pipe -I. -Wall -I/usr/local/include -I/usr/include -D__LINUX__  -I/usr/include/SDL -D_GNU_SOURCE=1 -D_REENTRANT  -D__OPENGL__ -O3 -ffast-math -fomit-frame-pointer -fexpensive-optimizations -s  conftest.c >&5
configure:4370: $? = 0
configure:4373: test -z 			 || test ! -s conftest.err
configure:4376: $? = 0
configure:4379: test -s conftest.o
configure:4382: $? = 0
configure:4393: result: yes
configure:4348: checking for string.h
configure:4364: gcc-4.1.2 -c -m32 -pipe -I. -Wall -I/usr/local/include -I/usr/include -D__LINUX__  -I/usr/include/SDL -D_GNU_SOURCE=1 -D_REENTRANT  -D__OPENGL__ -O3 -ffast-math -fomit-frame-pointer -fexpensive-optimizations -s  conftest.c >&5
configure:4370: $? = 0
configure:4373: test -z 			 || test ! -s conftest.err
configure:4376: $? = 0
configure:4379: test -s conftest.o
configure:4382: $? = 0
configure:4393: result: yes
configure:4348: checking for memory.h
configure:4364: gcc-4.1.2 -c -m32 -pipe -I. -Wall -I/usr/local/include -I/usr/include -D__LINUX__  -I/usr/include/SDL -D_GNU_SOURCE=1 -D_REENTRANT  -D__OPENGL__ -O3 -ffast-math -fomit-frame-pointer -fexpensive-optimizations -s  conftest.c >&5
configure:4370: $? = 0
configure:4373: test -z 			 || test ! -s conftest.err
configure:4376: $? = 0
configure:4379: test -s conftest.o
configure:4382: $? = 0
configure:4393: result: yes
configure:4348: checking for strings.h
configure:4364: gcc-4.1.2 -c -m32 -pipe -I. -Wall -I/usr/local/include -I/usr/include -D__LINUX__  -I/usr/include/SDL -D_GNU_SOURCE=1 -D_REENTRANT  -D__OPENGL__ -O3 -ffast-math -fomit-frame-pointer -fexpensive-optimizations -s  conftest.c >&5
configure:4370: $? = 0
configure:4373: test -z 			 || test ! -s conftest.err
configure:4376: $? = 0
configure:4379: test -s conftest.o
configure:4382: $? = 0
configure:4393: result: yes
configure:4348: checking for inttypes.h
configure:4364: gcc-4.1.2 -c -m32 -pipe -I. -Wall -I/usr/local/include -I/usr/include -D__LINUX__  -I/usr/include/SDL -D_GNU_SOURCE=1 -D_REENTRANT  -D__OPENGL__ -O3 -ffast-math -fomit-frame-pointer -fexpensive-optimizations -s  conftest.c >&5
configure:4370: $? = 0
configure:4373: test -z 			 || test ! -s conftest.err
configure:4376: $? = 0
configure:4379: test -s conftest.o
configure:4382: $? = 0
configure:4393: result: yes
configure:4348: checking for stdint.h
configure:4364: gcc-4.1.2 -c -m32 -pipe -I. -Wall -I/usr/local/include -I/usr/include -D__LINUX__  -I/usr/include/SDL -D_GNU_SOURCE=1 -D_REENTRANT  -D__OPENGL__ -O3 -ffast-math -fomit-frame-pointer -fexpensive-optimizations -s  conftest.c >&5
configure:4370: $? = 0
configure:4373: test -z 			 || test ! -s conftest.err
configure:4376: $? = 0
configure:4379: test -s conftest.o
configure:4382: $? = 0
configure:4393: result: yes
configure:4348: checking for unistd.h
configure:4364: gcc-4.1.2 -c -m32 -pipe -I. -Wall -I/usr/local/include -I/usr/include -D__LINUX__  -I/usr/include/SDL -D_GNU_SOURCE=1 -D_REENTRANT  -D__OPENGL__ -O3 -ffast-math -fomit-frame-pointer -fexpensive-optimizations -s  conftest.c >&5
configure:4370: $? = 0
configure:4373: test -z 			 || test ! -s conftest.err
configure:4376: $? = 0
configure:4379: test -s conftest.o
configure:4382: $? = 0
configure:4393: result: yes
configure:4405: checking whether sys/types.h defines makedev
configure:4426: gcc-4.1.2 -o conftest -m32 -pipe -I. -Wall -I/usr/local/include -I/usr/include -D__LINUX__  -I/usr/include/SDL -D_GNU_SOURCE=1 -D_REENTRANT  -D__OPENGL__ -O3 -ffast-math -fomit-frame-pointer -fexpensive-optimizations -s  -m32 --verbose -L/usr/local/lib -L/usr/lib  -lz -lSDL -lpthread  -lpng -lm -L/usr/lib64 -lGL conftest.c  >&5
Using built-in specs.
Target: x86_64-pc-linux-gnu
Configured with: /var/tmp/portage/sys-devel/gcc-4.1.2/work/gcc-4.1.2/configure --prefix=/usr --bindir=/usr/x86_64-pc-linux-gnu/gcc-bin/4.1.2 --includedir=/usr/lib/gcc/x86_64-pc-linux-gnu/4.1.2/include --datadir=/usr/share/gcc-data/x86_64-pc-linux-gnu/4.1.2 --mandir=/usr/share/gcc-data/x86_64-pc-linux-gnu/4.1.2/man --infodir=/usr/share/gcc-data/x86_64-pc-linux-gnu/4.1.2/info --with-gxx-include-dir=/usr/lib/gcc/x86_64-pc-linux-gnu/4.1.2/include/g++-v4 --host=x86_64-pc-linux-gnu --build=x86_64-pc-linux-gnu --disable-altivec --enable-nls --without-included-gettext --with-system-zlib --disable-werror --enable-secureplt --enable-multilib --enable-libmudflap --disable-libssp --enable-checking=release --disable-libgcj --enable-languages=c,c++,objc,treelang,fortran --enable-shared --enable-threads=posix --enable-__cxa_atexit --enable-clocale=gnu
Thread model: posix
gcc version 4.1.2 (Gentoo 4.1.2 p1.3)
 /usr/libexec/gcc/x86_64-pc-linux-gnu/4.1.2/cc1 -quiet -v -I. -I/usr/local/include -I/usr/include -I/usr/include/SDL -D__LINUX__ -D_GNU_SOURCE=1 -D_REENTRANT -D__OPENGL__ conftest.c -quiet -dumpbase conftest.c -m32 -m32 -mtune=k8 -auxbase conftest -O3 -Wall -version -ffast-math -fomit-frame-pointer -fexpensive-optimizations -o - |
 /usr/lib/gcc/x86_64-pc-linux-gnu/4.1.2/../../../../x86_64-pc-linux-gnu/bin/as -V -Qy --32 -o /tmp/cc0hPWAP.o -
ignoring nonexistent directory "/usr/local/include"
ignoring nonexistent directory "/usr/lib/gcc/x86_64-pc-linux-gnu/4.1.2/../../../../x86_64-pc-linux-gnu/include"
ignoring nonexistent directory "/usr/local/include"
ignoring duplicate directory "/usr/include"
  as it is a non-system directory that duplicates a system directory
#include "..." search starts here:
#include <...> search starts here:
 .
 /usr/include/SDL
 /usr/lib/gcc/x86_64-pc-linux-gnu/4.1.2/include
 /usr/include
End of search list.
GNU C version 4.1.2 (Gentoo 4.1.2 p1.3) (x86_64-pc-linux-gnu)
	compiled by GNU C version 4.1.2 (Gentoo 4.1.2 p1.3).
GGC heuristics: --param ggc-min-expand=100 --param ggc-min-heapsize=131072
GNU assembler version 2.21 (x86_64-pc-linux-gnu) using BFD version (GNU Binutils) 2.21
Compiler executable checksum: 89e88dfdf2891bc7789acb1f4b6fbd12
 /usr/libexec/gcc/x86_64-pc-linux-gnu/4.1.2/collect2 --eh-frame-hdr -m elf_i386 -dynamic-linker /lib/ld-linux.so.2 -o conftest -s /usr/lib/gcc/x86_64-pc-linux-gnu/4.1.2/../../../../lib32/crt1.o /usr/lib/gcc/x86_64-pc-linux-gnu/4.1.2/../../../../lib32/crti.o /usr/lib/gcc/x86_64-pc-linux-gnu/4.1.2/32/crtbegin.o -L/usr/local/lib -L/usr/lib -L/usr/lib64 -L/usr/lib/gcc/x86_64-pc-linux-gnu/4.1.2/32 -L/usr/lib/gcc/x86_64-pc-linux-gnu/4.1.2/32 -L/usr/lib/gcc/x86_64-pc-linux-gnu/4.1.2/../../../../lib32 -L/lib/../lib32 -L/usr/lib/../lib32 -L/usr/lib/gcc/x86_64-pc-linux-gnu/4.1.2 -L/usr/lib/gcc/x86_64-pc-linux-gnu/4.1.2 -L/usr/lib/gcc/x86_64-pc-linux-gnu/4.1.2/../../../../x86_64-pc-linux-gnu/lib -L/usr/lib/gcc/x86_64-pc-linux-gnu/4.1.2/../../.. -lz -lSDL -lpthread -lpng -lm -lGL /tmp/cc0hPWAP.o -lgcc --as-needed -lgcc_s --no-as-needed -lc -lgcc --as-needed -lgcc_s --no-as-needed /usr/lib/gcc/x86_64-pc-linux-gnu/4.1.2/32/crtfastmath.o /usr/lib/gcc/x86_64-pc-linux-gnu/4.1.2/32/crtend.o /usr/lib/gcc/x86_64-pc-linux-gnu/4.1.2/../../../../lib32/crtn.o
/usr/lib/gcc/x86_64-pc-linux-gnu/4.1.2/../../../../x86_64-pc-linux-gnu/bin/ld: skipping incompatible /usr/lib/libz.so when searching for -lz
/usr/lib/gcc/x86_64-pc-linux-gnu/4.1.2/../../../../x86_64-pc-linux-gnu/bin/ld: skipping incompatible /usr/lib/libz.a when searching for -lz
/usr/lib/gcc/x86_64-pc-linux-gnu/4.1.2/../../../../x86_64-pc-linux-gnu/bin/ld: skipping incompatible /usr/lib64/libz.so when searching for -lz
/usr/lib/gcc/x86_64-pc-linux-gnu/4.1.2/../../../../x86_64-pc-linux-gnu/bin/ld: skipping incompatible /usr/lib64/libz.a when searching for -lz
/usr/lib/gcc/x86_64-pc-linux-gnu/4.1.2/../../../../x86_64-pc-linux-gnu/bin/ld: skipping incompatible /usr/lib/libSDL.so when searching for -lSDL
/usr/lib/gcc/x86_64-pc-linux-gnu/4.1.2/../../../../x86_64-pc-linux-gnu/bin/ld: skipping incompatible /usr/lib/libSDL.a when searching for -lSDL
/usr/lib/gcc/x86_64-pc-linux-gnu/4.1.2/../../../../x86_64-pc-linux-gnu/bin/ld: skipping incompatible /usr/lib64/libSDL.so when searching for -lSDL
/usr/lib/gcc/x86_64-pc-linux-gnu/4.1.2/../../../../x86_64-pc-linux-gnu/bin/ld: skipping incompatible /usr/lib64/libSDL.a when searching for -lSDL
/usr/lib/gcc/x86_64-pc-linux-gnu/4.1.2/../../../../x86_64-pc-linux-gnu/bin/ld: skipping incompatible /usr/lib/libpthread.so when searching for -lpthread
/usr/lib/gcc/x86_64-pc-linux-gnu/4.1.2/../../../../x86_64-pc-linux-gnu/bin/ld: skipping incompatible /usr/lib/libpthread.a when searching for -lpthread
/usr/lib/gcc/x86_64-pc-linux-gnu/4.1.2/../../../../x86_64-pc-linux-gnu/bin/ld: skipping incompatible /usr/lib64/libpthread.so when searching for -lpthread
/usr/lib/gcc/x86_64-pc-linux-gnu/4.1.2/../../../../x86_64-pc-linux-gnu/bin/ld: skipping incompatible /usr/lib64/libpthread.a when searching for -lpthread
/usr/lib/gcc/x86_64-pc-linux-gnu/4.1.2/../../../../x86_64-pc-linux-gnu/bin/ld: skipping incompatible /usr/lib/libpng.so when searching for -lpng
/usr/lib/gcc/x86_64-pc-linux-gnu/4.1.2/../../../../x86_64-pc-linux-gnu/bin/ld: skipping incompatible /usr/lib/libpng.a when searching for -lpng
/usr/lib/gcc/x86_64-pc-linux-gnu/4.1.2/../../../../x86_64-pc-linux-gnu/bin/ld: skipping incompatible /usr/lib64/libpng.so when searching for -lpng
/usr/lib/gcc/x86_64-pc-linux-gnu/4.1.2/../../../../x86_64-pc-linux-gnu/bin/ld: skipping incompatible /usr/lib64/libpng.a when searching for -lpng
/usr/lib/gcc/x86_64-pc-linux-gnu/4.1.2/../../../../x86_64-pc-linux-gnu/bin/ld: skipping incompatible /usr/lib/libm.so when searching for -lm
/usr/lib/gcc/x86_64-pc-linux-gnu/4.1.2/../../../../x86_64-pc-linux-gnu/bin/ld: skipping incompatible /usr/lib/libm.a when searching for -lm
/usr/lib/gcc/x86_64-pc-linux-gnu/4.1.2/../../../../x86_64-pc-linux-gnu/bin/ld: skipping incompatible /usr/lib64/libm.so when searching for -lm
/usr/lib/gcc/x86_64-pc-linux-gnu/4.1.2/../../../../x86_64-pc-linux-gnu/bin/ld: skipping incompatible /usr/lib64/libm.a when searching for -lm
/usr/lib/gcc/x86_64-pc-linux-gnu/4.1.2/../../../../x86_64-pc-linux-gnu/bin/ld: skipping incompatible /usr/lib/libGL.so when searching for -lGL
/usr/lib/gcc/x86_64-pc-linux-gnu/4.1.2/../../../../x86_64-pc-linux-gnu/bin/ld: skipping incompatible /usr/lib64/libGL.so when searching for -lGL
/usr/lib/gcc/x86_64-pc-linux-gnu/4.1.2/../../../../x86_64-pc-linux-gnu/bin/ld: skipping incompatible /usr/lib/libc.so when searching for -lc
/usr/lib/gcc/x86_64-pc-linux-gnu/4.1.2/../../../../x86_64-pc-linux-gnu/bin/ld: skipping incompatible /usr/lib/libc.a when searching for -lc
/usr/lib/gcc/x86_64-pc-linux-gnu/4.1.2/../../../../x86_64-pc-linux-gnu/bin/ld: skipping incompatible /usr/lib64/libc.so when searching for -lc
/usr/lib/gcc/x86_64-pc-linux-gnu/4.1.2/../../../../x86_64-pc-linux-gnu/bin/ld: skipping incompatible /usr/lib64/libc.a when searching for -lc
configure:4432: $? = 0
configure:4435: test -z 			 || test ! -s conftest.err
configure:4438: $? = 0
configure:4441: test -s conftest
configure:4444: $? = 0
configure:4457: result: yes
configure:4857: creating ./config.status

## ---------------------- ##
## Running config.status. ##
## ---------------------- ##

This file was extended by config.status, which was
generated by GNU Autoconf 2.59.  Invocation command line was

  CONFIG_FILES    = 
  CONFIG_HEADERS  = 
  CONFIG_LINKS    = 
  CONFIG_COMMANDS = 
  $ ./config.status 

on hempoo

config.status:719: creating Makefile
config.status:785: creating config.h
config.status:887: config.h is unchanged

## ---------------- ##
## Cache variables. ##
## ---------------- ##

ac_cv_build=x86_64-unknown-linux-gnu
ac_cv_build_alias=x86_64-unknown-linux-gnu
ac_cv_c_compiler_gnu=yes
ac_cv_cxx_compiler_gnu=yes
ac_cv_env_CC_set=set
ac_cv_env_CC_value=gcc-4.1.2
ac_cv_env_CFLAGS_set=set
ac_cv_env_CFLAGS_value=-m32
ac_cv_env_CPPFLAGS_set=
ac_cv_env_CPPFLAGS_value=
ac_cv_env_CPP_set=
ac_cv_env_CPP_value=
ac_cv_env_CXXFLAGS_set=
ac_cv_env_CXXFLAGS_value=
ac_cv_env_CXX_set=
ac_cv_env_CXX_value=
ac_cv_env_LDFLAGS_set=set
ac_cv_env_LDFLAGS_value='-m32 --verbose'
ac_cv_env_build_alias_set=
ac_cv_env_build_alias_value=
ac_cv_env_host_alias_set=
ac_cv_env_host_alias_value=
ac_cv_env_target_alias_set=
ac_cv_env_target_alias_value=
ac_cv_exeext=
ac_cv_have_x='have_x=yes 		ac_x_includes= ac_x_libraries=/usr/lib64'
ac_cv_header_inttypes_h=yes
ac_cv_header_memory_h=yes
ac_cv_header_stdc=yes
ac_cv_header_stdint_h=yes
ac_cv_header_stdlib_h=yes
ac_cv_header_string_h=yes
ac_cv_header_strings_h=yes
ac_cv_header_sys_stat_h=yes
ac_cv_header_sys_types_h=yes
ac_cv_header_sys_types_h_makedev=yes
ac_cv_header_unistd_h=yes
ac_cv_host=x86_64-unknown-linux-gnu
ac_cv_host_alias=x86_64-unknown-linux-gnu
ac_cv_lib_GL_glGetError=yes
ac_cv_objext=o
ac_cv_path_SDL_CONFIG=/usr/bin/sdl-config
ac_cv_path_install='/usr/bin/install -c'
ac_cv_prog_CPP='gcc-4.1.2 -E'
ac_cv_prog_ac_ct_CC=gcc-4.1.2
ac_cv_prog_ac_ct_CXX=g++
ac_cv_prog_ac_ct_NASMPATH=nasm
ac_cv_prog_cc_g=yes
ac_cv_prog_cc_stdc=
ac_cv_prog_cxx_g=yes
ac_cv_prog_egrep='grep -E'
ac_cv_target=x86_64-unknown-linux-gnu
ac_cv_target_alias=x86_64-unknown-linux-gnu

## ----------------- ##
## Output variables. ##
## ----------------- ##

CC='gcc-4.1.2'
CFLAGS='-m32 -pipe -I. -Wall -I/usr/local/include -I/usr/include -D__LINUX__  -I/usr/include/SDL -D_GNU_SOURCE=1 -D_REENTRANT  -D__OPENGL__ -O3 -ffast-math -fomit-frame-pointer -fexpensive-optimizations -s'
CPP='gcc-4.1.2 -E'
CPPFLAGS=''
CXX='g++'
CXXFLAGS='-g -O2'
DEFS='-DHAVE_CONFIG_H'
ECHO_C=''
ECHO_N='-n'
ECHO_T=''
EGREP='grep -E'
EXEEXT=''
GL_DRAW='${WINDIR}/gl_draw.o'
INSTALL_DATA='${INSTALL} -m 644'
INSTALL_PROGRAM='${INSTALL}'
INSTALL_SCRIPT='${INSTALL}'
ISODATE='2011-06-05'
LDFLAGS='-m32 --verbose -L/usr/local/lib -L/usr/lib  -lz -lSDL -lpthread  -lpng -lm -L/usr/lib64 -lGL'
LIBOBJS=''
LIBPNG_CFLAGS=''
LIBPNG_LIBS=' -lpng -lm'
LIBPNG_VERSION='1.4.5'
LIBS=''
LTLIBOBJS=''
NASMPATH='nasm'
NFLAGS=' -w-orphan-labels -D__LINUX__ -f elf -DELF -D__OPENGL__ -O1'
OBJEXT='o'
PACKAGE_BUGREPORT=''
PACKAGE_NAME=''
PACKAGE_STRING=''
PACKAGE_TARNAME=''
PACKAGE_VERSION=''
PATH_SEPARATOR=':'
SDL_CFLAGS='-I/usr/include/SDL -D_GNU_SOURCE=1 -D_REENTRANT'
SDL_CONFIG='/usr/bin/sdl-config'
SDL_LIBS='-lSDL -lpthread'
SHELL='/bin/sh'
VERSION='1.41'
ZLIB_CFLAGS=''
ZLIB_LIBS=' -lz'
ZLIB_VERSION='1.2.5'
ZSNESEXE='zsnes'
ac_ct_CC='gcc-4.1.2'
ac_ct_CXX='g++'
ac_ct_NASMPATH='nasm'
bindir='${exec_prefix}/bin'
build='x86_64-unknown-linux-gnu'
build_alias=''
build_cpu='x86_64'
build_os='linux-gnu'
build_vendor='unknown'
datadir='${prefix}/share'
exec_prefix='${prefix}'
host='x86_64-unknown-linux-gnu'
host_alias=''
host_cpu='x86_64'
host_os='linux-gnu'
host_vendor='unknown'
includedir='${prefix}/include'
infodir='${prefix}/info'
libdir='${exec_prefix}/lib'
libexecdir='${exec_prefix}/libexec'
localstatedir='${prefix}/var'
mandir='${prefix}/man'
oldincludedir='/usr/include'
prefix='/usr/local'
program_transform_name='s,x,x,'
sbindir='${exec_prefix}/sbin'
sharedstatedir='${prefix}/com'
sysconfdir='${prefix}/etc'
target='x86_64-unknown-linux-gnu'
target_alias=''
target_cpu='x86_64'
target_os='linux-gnu'
target_vendor='unknown'

## ----------- ##
## confdefs.h. ##
## ----------- ##

#define HAVE_INTTYPES_H 1
#define HAVE_MEMORY_H 1
#define HAVE_STDINT_H 1
#define HAVE_STDLIB_H 1
#define HAVE_STRINGS_H 1
#define HAVE_STRING_H 1
#define HAVE_SYS_STAT_H 1
#define HAVE_SYS_TYPES_H 1
#define HAVE_UNISTD_H 1
#define PACKAGE_BUGREPORT ""
#define PACKAGE_NAME ""
#define PACKAGE_STRING ""
#define PACKAGE_TARNAME ""
#define PACKAGE_VERSION ""
#define STDC_HEADERS 1
#endif
#ifdef __cplusplus
extern "C" void std::exit (int) throw (); using std::exit;

configure: exit 0
